Log file for this session: logs/jailbreak-20250702-154633.log
-------------------------------------
[0;34m[INFO] Running with root privileges.[0m
[0;34m[INFO] Detecting architecture...[0m
[0;32m[SUCCESS] Architecture detected: x86_64[0m
[0;32m[SUCCESS] palera1n binary already exists. Skipping download.[0m
[0;32m[SUCCESS] ------------------------------------------------[0m
[0;32m[SUCCESS]   palera1n is ready to use.                     [0m
[0;32m[SUCCESS] ------------------------------------------------[0m
[1;33m[WARNING] IMPORTANT: The next step will start the jailbreak.[0m
--> Press [Enter] when you are ready to begin...[0;34m[INFO] Starting palera1n with mode: --fakefs[0m
#
# palera1n: v2.0.2 
#
# ========  Made by  =======
# Made by: Nick Chan, Ploosh, Khcrysalis, Mineek, staturnz, kok3shidoll, HAHALOSAH 
# ======== Thanks to =======
# Thanks to: llsc12, Nebula, Lrdsnow, nikias (libimobiledevice),
# checkra1n team (Siguza, axi0mx, littlelailo et al.),
# Procursus Team (Hayden Seay, Cameron Katri, Keto et.al)
# ==========================

 - [0m[[0;90m07/02/25 15:50:47[0m] [1;36m<Info>[0m: [0;36mWaiting for devices[0m
 - [0m[[0;90m07/02/25 15:50:47[0m] [1;33m<Warning>[0m: [0;33m/var/run/usbmuxd not found, normal mode device detection will not work.[0m
 - [0m[[0;90m07/02/25 15:55:54[0m] [1;36m<Info>[0m: [0;36mPress Enter when ready for DFU mode[0m
[1;36m[KHold volume down + side button (4)[0m[1;36m[KHold volume down + side button (3)[0m[0;36mHold volume down + side button (2)[0m[K[1;36m[KHold volume down + side button (2)[0m[1;36m[KHold volume down + side button (1)[0m[0;36mHold volume down + side button (0)[0m
[1;36m[KHold volume down button (10)[0m[1;36m[KHold volume down button (9)[0m[1;36m[KHold volume down button (8)[0m[1;36m[KHold volume down button (7)[0m[1;36m[KHold volume down button (6)[0m[1;36m[KHold volume down button (5)[0m[1;36m[KHold volume down button (4)[0m[1;36m[KHold volume down button (3)[0m[1;36m[KHold volume down button (2)[0m[1;36m[KHold volume down button (1)[0m[0;36mHold volume down button (0)[0m
 - [0m[[0;90m07/02/25 15:58:33[0m] [1;33m<Warning>[0m: [0;33mWhoops, device did not enter DFU mode[0m
 - [0m[[0;90m07/02/25 15:58:33[0m] [1;36m<Info>[0m: [0;36mWaiting for device to reconnect...[0m
 - [0m[[0;90m07/02/25 15:59:27[0m] [1;36m<Info>[0m: [0;36mAbout to execute checkra1n[0m
#
# Checkra1n 0.1337.3
#
# Proudly written in nano
# (c) 2019-2023 Kim Jong Cracks
#
#========  Made by  =======
# argp, axi0mx, danyl931, jaywalker, kirb, littlelailo, nitoTV
# never_released, nullpixel, pimskeks, qwertyoruiop, sbingner, siguza
#======== Thanks to =======
# haifisch, jndok, jonseals, xerub, lilstevie, psychotea, sferrini
# Cellebrite (ih8sn0w, cjori, ronyrus et al.)
#==========================

 - [07/02/25 15:59:27] <Info>: Waiting for DFU mode devices
 - [07/02/25 15:59:27] <Verbose>: DFU mode device found
 - [07/02/25 15:59:27] <Info>: Checking if device is ready
 - [07/02/25 15:59:27] <Verbose>: Attempting to perform checkm8 on 8015 11
 - [07/02/25 15:59:27] <Info>: Setting up the exploit
 - [07/02/25 15:59:27] <Verbose>: == checkm8 setup stage ==
 - [07/02/25 15:59:27] <Verbose>: UaF race: setup packet was accepted, attempting heuristic strategy
 - [07/02/25 15:59:27] <Verbose>: UaF race: heuristic strategy failed, actual_length: 0x240
 - [07/02/25 15:59:28] <Warning>: Performing USB device reset: device disconnect detection might not work until a manual cable replug
 - [07/02/25 15:59:28] <Verbose>: UaF race: setup packet was accepted, attempting heuristic strategy
 - [07/02/25 15:59:28] <Verbose>: UaF race: heuristic strategy failed, actual_length: 0x40
 - [07/02/25 15:59:28] <Warning>: Performing USB device reset: device disconnect detection might not work until a manual cable replug
 - [07/02/25 15:59:29] <Error>: Failed issuing transaction abort! 16 (error code: -status_exploit_issue_transaction_abort_error)
 - [07/02/25 15:59:29] <Error>: issue_trigger_hook(...) -> false (error code: -status_exploit_issue_trigger_hook_error_0)
 - [07/02/25 15:59:29] <Error>: Unable to perform checkm8: ffffffff (error code: -status_exploit)
