Log file for this session: logs/jailbreak-20250702-123818.log
-------------------------------------
[0;34m[INFO] Running with root privileges.[0m
[0;34m[INFO] Detecting architecture...[0m
[0;32m[SUCCESS] Architecture detected: x86_64[0m
[0;34m[INFO] Downloading palera1n for x86_64...[0m
[0;34m[INFO] Using 'curl' to download...[0m
  % Total    % Received % Xferd  Average Speed   Time    Time     Time  Current
                                 Dload  Upload   Total   Spent    Left  Speed
  0     0    0     0    0     0      0      0 --:--:-- --:--:-- --:--:--     0  0     0    0     0    0     0      0      0 --:--:-- --:--:-- --:--:--     0  0     0    0     0    0     0      0      0 --:--:--  0:00:01 --:--:--     0  0     0    0     0    0     0      0      0 --:--:--  0:00:02 --:--:--     0  0     0    0     0    0     0      0      0 --:--:--  0:00:03 --:--:--     0  0     0    0     0    0     0      0      0 --:--:--  0:00:04 --:--:--     0  0     0    0     0    0     0      0      0 --:--:--  0:00:05 --:--:--     0  0     0    0     0    0     0      0      0 --:--:--  0:00:06 --:--:--     0
  0     0    0     0    0     0      0      0 --:--:--  0:00:06 --:--:--     0  0     0    0     0    0     0      0      0 --:--:--  0:00:06 --:--:--     0
  0     0    0     0    0     0      0      0 --:--:--  0:00:07 --:--:--     0  2 5032k    2  103k    0     0  12625      0  0:06:48  0:00:08  0:06:40  113k 24 5032k   24 1223k    0     0   129k      0  0:00:38  0:00:09  0:00:29  627k 52 5032k   52 2631k    0     0   253k      0  0:00:19  0:00:10  0:00:09  906k 96 5032k   96 4839k    0     0   424k      0  0:00:11  0:00:11 --:--:-- 1243k100 5032k  100 5032k    0     0   438k      0  0:00:11  0:00:11 --:--:-- 1263k
[0;32m[SUCCESS] Download and setup complete.[0m
[0;32m[SUCCESS] ------------------------------------------------[0m
[0;32m[SUCCESS]   palera1n is ready to use.                     [0m
[0;32m[SUCCESS] ------------------------------------------------[0m
[1;33m[WARNING] IMPORTANT: The next step will start the jailbreak.[0m
--> Press [Enter] when you are ready to begin...[0;34m[INFO] Starting palera1n with mode: --fakefs[0m
[1;33m[WARNING] [SIMULATION] Pretending to run palera1n...[0m
[1;33m[WARNING] [SIMULATION] Command that would run: ./palera1n-linux-x86_64 --fakefs[0m
[1;33m[WARNING] [SIMULATION] In a real run, palera1n would start now and guide you through DFU.[0m
[0;32m[SUCCESS] [SIMULATION] palera1n has 'finished' successfully.[0m
[0;32m[SUCCESS] Jailbreak script completed.[0m
